生成启动时间为 2017/4/18 20:40:54。
     1>项目“d:\FamilyUserCplusplus\FamilyUserCplusplus\FamilyUserCplusplus.vcxproj”在节点 2 上(build 个目标)。
     1>InitializeBuildStatus:
         正在创建“Debug\FamilyUserCplusplus.unsuccessfulbuild”，因为已指定“AlwaysCreate”。
       ClCompile:
         所有输出均为最新。
         D:\Program Files\Microsoft Visual Studio 10.0\VC\bin\CL.exe /c /ZI /nologo /W3 /WX- /Od /Oy- /D WIN32 /D _DEBUG /D _CONSOLE /D _UNICODE /D UNICODE /Gm /EHsc /RTC1 /MDd /GS /fp:precise /Zc:wchar_t /Zc:forScope /Yu"StdAfx.h" /Fp"Debug\FamilyUserCplusplus.pch" /Fo"Debug\\" /Fd"Debug\vc100.pdb" /Gd /TP /analyze- /errorReport:prompt FamilyUserCplusplus.cpp
         FamilyUserCplusplus.cpp
       ManifestResourceCompile:
         所有输出均为最新。
       Link:
         D:\Program Files\Microsoft Visual Studio 10.0\VC\bin\link.exe /ERRORREPORT:PROMPT /OUT:"d:\FamilyUserCplusplus\Debug\FamilyUserCplusplus.exe" /INCREMENTAL /NOLOGO kernel32.lib user32.lib gdi32.lib winspool.lib comdlg32.lib advapi32.lib shell32.lib ole32.lib oleaut32.lib uuid.lib odbc32.lib odbccp32.lib /MANIFEST /ManifestFile:"Debug\FamilyUserCplusplus.exe.intermediate.manifest" /MANIFESTUAC:"level='asInvoker' uiAccess='false'" /DEBUG /PDB:"d:\FamilyUserCplusplus\Debug\FamilyUserCplusplus.pdb" /SUBSYSTEM:CONSOLE /TLBID:1 /DYNAMICBASE /NXCOMPAT /IMPLIB:"d:\FamilyUserCplusplus\Debug\FamilyUserCplusplus.lib" /MACHINE:X86 Debug\FamilyUserCplusplus.exe.embed.manifest.res
         Debug\FamilyUserCplusplus.obj
         Debug\stdafx.obj
       Manifest:
         C:\Program Files\Microsoft SDKs\Windows\v7.0A\bin\mt.exe /nologo /verbose /out:"Debug\FamilyUserCplusplus.exe.embed.manifest" /manifest Debug\FamilyUserCplusplus.exe.intermediate.manifest
         所有输出均为最新。
       LinkEmbedManifest:
         所有输出均为最新。
         FamilyUserCplusplus.vcxproj -> d:\FamilyUserCplusplus\Debug\FamilyUserCplusplus.exe
       FinalizeBuildStatus:
         正在删除文件“Debug\FamilyUserCplusplus.unsuccessfulbuild”。
         正在对“Debug\FamilyUserCplusplus.lastbuildstate”执行 Touch 任务。
     1>已完成生成项目“d:\FamilyUserCplusplus\FamilyUserCplusplus\FamilyUserCplusplus.vcxproj”(build 个目标)的操作。

生成成功。

已用时间 00:00:00.43
